[0mGET /user/auth/google [36m302[0m 10.013 ms - 0[0m
[0mGET /user/auth/google/callback?code=4%2F0AbUR2VOpK6y2Q0AWN2k1W5HURmdDOZBlUxtTR1LkqtLIgEnlOcamiWljfFcWooc0_XNsKQ&scope=email+profile+https%3A%2F%2Fwww.googleapis.com%2Fauth%2Fuserinfo.profile+https%3A%2F%2Fwww.googleapis.com%2Fauth%2Fuserinfo.email+openid&authuser=0&prompt=none [36m302[0m 855.144 ms - 46[0m
[0mGET / [32m200[0m 24.015 ms - 2274[0m
[0mGET /user/reset [36m304[0m 30.833 ms - -[0m
[0mPOST /user/passwordReset [36m302[0m 11.510 ms - 108[0m
[0mGET /user/reset [36m304[0m 9.831 ms - -[0m
[0mPOST /user/passwordReset [36m302[0m 8.787 ms - 108[0m
[0mGET /user/reset [32m200[0m 10.229 ms - 2550[0m
[0mPOST /user/passwordReset [36m302[0m 8.342 ms - 108[0m
[0mGET /user/reset [32m200[0m 8.974 ms - 2292[0m
[0mPOST /user/passwordReset [36m302[0m 7.230 ms - 108[0m
[0mGET /user/reset [32m200[0m 11.376 ms - 2550[0m
[0mPOST /user/passwordReset [36m302[0m 10.351 ms - 108[0m
[0mGET /user/reset [32m200[0m 8.130 ms - 2300[0m
[0mGET /user/reset [36m304[0m 12.074 ms - -[0m
[0mGET / [32m200[0m 13.806 ms - 2010[0m
[0mGET / [36m304[0m 15.712 ms - -[0m
[0mGET /user/sign-out [36m302[0m 21.037 ms - 46[0m
[0mGET / [32m200[0m 11.326 ms - 3122[0m
[0mGET /user/auth/google [36m302[0m 2.968 ms - 0[0m
[0mGET /user/auth/google/callback?code=4%2F0AbUR2VN-SFWFBdox8DnNEL-5KZ0BqxRDyov6lyvVhMZab1ZxXevuBHmqXoRJTRFEpGWsRg&scope=email+profile+openid+https%3A%2F%2Fwww.googleapis.com%2Fauth%2Fuserinfo.profile+https%3A%2F%2Fwww.googleapis.com%2Fauth%2Fuserinfo.email&authuser=0&prompt=none [36m302[0m 788.733 ms - 46[0m
[0mGET / [32m200[0m 13.774 ms - 2274[0m
